  Inno Setup 5 Command-Line Compiler
  Copyright (C) 1997-2016 Jordan Russell. All rights reserved.
  Portions Copyright (C) 2000-2016 Martijn Laan
  Inno Setup Preprocessor
  Copyright (C) 2001-2004 Alex Yackimoff. All rights reserved.
  
  Compiler engine version: Inno Setup 5.5.8 (u)
  
  [ISPP] Preprocessing.
  [ISPP] Preprocessed.
  
  Parsing [Setup] section, line 11
  Parsing [Setup] section, line 12
  Parsing [Setup] section, line 13
  Parsing [Setup] section, line 14
  Parsing [Setup] section, line 15
  Parsing [Setup] section, line 16
  Parsing [Setup] section, line 17
  Parsing [Setup] section, line 18
  Parsing [Setup] section, line 19
  Parsing [Setup] section, line 20
  Parsing [Setup] section, line 21
  Parsing [Setup] section, line 22
  Parsing [Setup] section, line 23
  Parsing [Setup] section, line 24
  Parsing [Setup] section, line 25
  Parsing [Setup] section, line 26
  Parsing [Setup] section, line 27
  Parsing [Setup] section, line 29
  Parsing [Setup] section, line 30
  Parsing [Setup] section, line 32
  Reading file (LicenseFile)
  Reading file (WizardImageFile)
     File: C:\Program Files (x86)\ASCOM\Platform 6 Developer Components\Installer Generator\Resources\WizardImage.bmp
  Reading file (WizardSmallImageFile)
     File: C:\Program Files (x86)\Inno Setup 5\WIZMODERNSMALLIMAGE.BMP
  Preparing Setup program executable
  Determining language code pages
  Parsing [Languages] section, line 35
     File: C:\Program Files (x86)\Inno Setup 5\Default.isl
     Messages in script file
  Reading default messages from Default.isl
  Parsing [Languages] section, line 35
     File: C:\Program Files (x86)\Inno Setup 5\Default.isl
  Parsing [LangOptions], [Messages], and [CustomMessages] sections
     Messages in script file
  Reading [Code] section
  Parsing [Dirs] section, line 38
  Parsing [Run] section, line 99
  Parsing [Run] section, line 100
  Parsing [UninstallRun] section, line 105
  Parsing [UninstallRun] section, line 106
  Parsing [Files] section, line 42
     Reading version info: D:\Dev\ASCOM.DSLR\bin\ASCOM.DSLR.Camera.dll
  Parsing [Files] section, line 44
     Reading version info: D:\Dev\ASCOM.DSLR\bin\SDK\X64\libraw.dll
  Parsing [Files] section, line 45
     Reading version info: D:\Dev\ASCOM.DSLR\bin\SDK\X64\EDSDK.dll
  Parsing [Files] section, line 46
     Reading version info: D:\Dev\ASCOM.DSLR\bin\SDK\X86\libraw.dll
  Parsing [Files] section, line 47
     Reading version info: D:\Dev\ASCOM.DSLR\bin\SDK\X86\EDSDK.dll
  Parsing [Files] section, line 48
     Reading version info: D:\Dev\ASCOM.DSLR\bin\EDSDKLib.dll
  Parsing [Files] section, line 49
     Reading version info: D:\Dev\ASCOM.DSLR\bin\exiftool.exe
  Parsing [Files] section, line 50
     Reading version info: D:\Dev\ASCOM.DSLR\bin\Registrar.exe
  Parsing [Files] section, line 51
     Reading version info: D:\Dev\ASCOM.DSLR\bin\OTelescope.API.dll
  Parsing [Files] section, line 52
     Reading version info: D:\Dev\ASCOM.DSLR\bin\Nlog.dll
  Parsing [Files] section, line 53
     Reading version info: D:\Dev\ASCOM.DSLR\bin\ErrorLogging.dll
  Parsing [Files] section, line 57
     Reading version info: D:\Dev\ASCOM.DSLR\bin\CameraControl.Devices.dll
  Parsing [Files] section, line 58
     Reading version info: D:\Dev\ASCOM.DSLR\bin\Canon.Eos.Framework.dll
  Parsing [Files] section, line 59
     Reading version info: D:\Dev\ASCOM.DSLR\bin\Interop.PortableDeviceApiLib.dll
  Parsing [Files] section, line 60
     Reading version info: D:\Dev\ASCOM.DSLR\bin\Interop.PortableDeviceTypesLib.dll
  Parsing [Files] section, line 61
     Reading version info: D:\Dev\ASCOM.DSLR\bin\Newtonsoft.Json.dll
  Parsing [Files] section, line 62
     Reading version info: D:\Dev\ASCOM.DSLR\bin\PortableDeviceLib.dll
  Parsing [Files] section, line 63
     Reading version info: D:\Dev\ASCOM.DSLR\bin\Rssdp.dll
  Parsing [Files] section, line 64
     Reading version info: D:\Dev\ASCOM.DSLR\bin\websocket-sharp.dll
  Parsing [Files] section, line 67
     Reading version info: D:\Dev\ASCOM.DSLR\pktriggercord\zlib1.dll
  Parsing [Files] section, line 68
     Reading version info: D:\Dev\ASCOM.DSLR\pktriggercord\pktriggercord_commandline.html
  Parsing [Files] section, line 69
     Reading version info: D:\Dev\ASCOM.DSLR\pktriggercord\pktriggercord-cli.exe
  Parsing [Files] section, line 70
     Reading version info: D:\Dev\ASCOM.DSLR\pktriggercord\pktriggercord.ui
  Parsing [Files] section, line 71
     Reading version info: D:\Dev\ASCOM.DSLR\pktriggercord\pktriggercord.exe
  Parsing [Files] section, line 72
     Reading version info: D:\Dev\ASCOM.DSLR\pktriggercord\libpng16-16.dll
  Parsing [Files] section, line 73
     Reading version info: D:\Dev\ASCOM.DSLR\pktriggercord\libpixman-1-0.dll
  Parsing [Files] section, line 74
     Reading version info: D:\Dev\ASCOM.DSLR\pktriggercord\libpangowin32-1.0-0.dll
  Parsing [Files] section, line 75
     Reading version info: D:\Dev\ASCOM.DSLR\pktriggercord\libpangocairo-1.0-0.dll
  Parsing [Files] section, line 76
     Reading version info: D:\Dev\ASCOM.DSLR\pktriggercord\libpango-1.0-0.dll
  Parsing [Files] section, line 77
     Reading version info: D:\Dev\ASCOM.DSLR\pktriggercord\libintl-8.dll
  Parsing [Files] section, line 78
     Reading version info: D:\Dev\ASCOM.DSLR\pktriggercord\libgtk-win32-2.0-0.dll
  Parsing [Files] section, line 79
     Reading version info: D:\Dev\ASCOM.DSLR\pktriggercord\libgobject-2.0-0.dll
  Parsing [Files] section, line 80
     Reading version info: D:\Dev\ASCOM.DSLR\pktriggercord\libgmodule-2.0-0.dll
  Parsing [Files] section, line 81
     Reading version info: D:\Dev\ASCOM.DSLR\pktriggercord\libglib-2.0-0.dll
  Parsing [Files] section, line 82
     Reading version info: D:\Dev\ASCOM.DSLR\pktriggercord\libgio-2.0-0.dll
  Parsing [Files] section, line 83
     Reading version info: D:\Dev\ASCOM.DSLR\pktriggercord\libgdk_pixbuf-2.0-0.dll
  Parsing [Files] section, line 84
     Reading version info: D:\Dev\ASCOM.DSLR\pktriggercord\libgdk-win32-2.0-0.dll
  Parsing [Files] section, line 85
     Reading version info: D:\Dev\ASCOM.DSLR\pktriggercord\libgcc_s_sjlj-1.dll
  Parsing [Files] section, line 86
     Reading version info: D:\Dev\ASCOM.DSLR\pktriggercord\libffi-6.dll
  Parsing [Files] section, line 87
     Reading version info: D:\Dev\ASCOM.DSLR\pktriggercord\libcairo-2.dll
  Parsing [Files] section, line 88
     Reading version info: D:\Dev\ASCOM.DSLR\pktriggercord\libatk-1.0-0.dll
  Parsing [Files] section, line 89
     Reading version info: D:\Dev\ASCOM.DSLR\pktriggercord\iconv.dll
  Parsing [Files] section, line 90
     Reading version info: D:\Dev\ASCOM.DSLR\pktriggercord\COPYING
  Parsing [Files] section, line 91
     Reading version info: D:\Dev\ASCOM.DSLR\pktriggercord\Changelog
  Parsing [Files] section, line 92
     Reading version info: D:\Dev\ASCOM.DSLR\pktriggercord\pentax_settings.json
  Parsing [Files] section, line 94
     Reading version info: D:\Dev\ASCOM.DSLR\ASCOM.DSLR.TestAppForm\bin\Debug\ASCOM.DSLR.Test.exe
  Compiling [Code] section
  Deleting DSLR.Camera Setup.exe from output directory
  Creating setup files
     Compressing: D:\Dev\ASCOM.DSLR\bin\ASCOM.DSLR.Camera.dll   (0.5.79.0)
     Compressing: D:\Dev\ASCOM.DSLR\bin\SDK\X64\libraw.dll
     Compressing: D:\Dev\ASCOM.DSLR\bin\SDK\X64\EDSDK.dll   (13.11.10.6400)
     Compressing: D:\Dev\ASCOM.DSLR\bin\SDK\X86\libraw.dll
     Compressing: D:\Dev\ASCOM.DSLR\bin\SDK\X86\EDSDK.dll   (13.12.1.0)
     Compressing: D:\Dev\ASCOM.DSLR\bin\EDSDKLib.dll   (1.1.1.0)
     Compressing: D:\Dev\ASCOM.DSLR\bin\exiftool.exe   (10.7.5.0)
     Compressing: D:\Dev\ASCOM.DSLR\bin\Registrar.exe   (1.0.0.0)
     Compressing: D:\Dev\ASCOM.DSLR\bin\OTelescope.API.dll   (1.0.0.0)
     Compressing: D:\Dev\ASCOM.DSLR\bin\Nlog.dll   (4.7.2.11786)
     Compressing: D:\Dev\ASCOM.DSLR\bin\ErrorLogging.dll   (1.0.0.0)
     Compressing: D:\Dev\ASCOM.DSLR\bin\CameraControl.Devices.dll   (2.0.74.3)
     Compressing: D:\Dev\ASCOM.DSLR\bin\Canon.Eos.Framework.dll   (2.0.74.3)
     Compressing: D:\Dev\ASCOM.DSLR\bin\Interop.PortableDeviceApiLib.dll
     Compressing: D:\Dev\ASCOM.DSLR\bin\Interop.PortableDeviceTypesLib.dll   (1.0.0.0)
     Compressing: D:\Dev\ASCOM.DSLR\bin\Newtonsoft.Json.dll   (10.0.3.21018)
     Compressing: D:\Dev\ASCOM.DSLR\bin\PortableDeviceLib.dll   (2.0.74.3)
     Compressing: D:\Dev\ASCOM.DSLR\bin\Rssdp.dll   (4.0.0.0)
     Compressing: D:\Dev\ASCOM.DSLR\bin\websocket-sharp.dll   (1.0.2.59611)
     Compressing: D:\Dev\ASCOM.DSLR\pktriggercord\zlib1.dll
     Compressing: D:\Dev\ASCOM.DSLR\pktriggercord\pktriggercord_commandline.html
     Compressing: D:\Dev\ASCOM.DSLR\pktriggercord\pktriggercord-cli.exe
     Compressing: D:\Dev\ASCOM.DSLR\pktriggercord\pktriggercord.ui
     Compressing: D:\Dev\ASCOM.DSLR\pktriggercord\pktriggercord.exe
     Compressing: D:\Dev\ASCOM.DSLR\pktriggercord\libpng16-16.dll
     Compressing: D:\Dev\ASCOM.DSLR\pktriggercord\libpixman-1-0.dll
     Compressing: D:\Dev\ASCOM.DSLR\pktriggercord\libpangowin32-1.0-0.dll   (1.36.1.0)
     Compressing: D:\Dev\ASCOM.DSLR\pktriggercord\libpangocairo-1.0-0.dll   (1.36.1.0)
     Compressing: D:\Dev\ASCOM.DSLR\pktriggercord\libpango-1.0-0.dll   (1.36.1.0)
     Compressing: D:\Dev\ASCOM.DSLR\pktriggercord\libintl-8.dll   (0.18.3.0)
     Compressing: D:\Dev\ASCOM.DSLR\pktriggercord\libgtk-win32-2.0-0.dll   (2.24.22.0)
     Compressing: D:\Dev\ASCOM.DSLR\pktriggercord\libgobject-2.0-0.dll   (2.37.7.0)
     Compressing: D:\Dev\ASCOM.DSLR\pktriggercord\libgmodule-2.0-0.dll   (2.37.7.0)
     Compressing: D:\Dev\ASCOM.DSLR\pktriggercord\libglib-2.0-0.dll   (2.37.7.0)
     Compressing: D:\Dev\ASCOM.DSLR\pktriggercord\libgio-2.0-0.dll   (2.37.7.0)
     Compressing: D:\Dev\ASCOM.DSLR\pktriggercord\libgdk_pixbuf-2.0-0.dll   (2.28.2.0)
     Compressing: D:\Dev\ASCOM.DSLR\pktriggercord\libgdk-win32-2.0-0.dll   (2.24.22.0)
     Compressing: D:\Dev\ASCOM.DSLR\pktriggercord\libgcc_s_sjlj-1.dll
     Compressing: D:\Dev\ASCOM.DSLR\pktriggercord\libffi-6.dll
     Compressing: D:\Dev\ASCOM.DSLR\pktriggercord\libcairo-2.dll
     Compressing: D:\Dev\ASCOM.DSLR\pktriggercord\libatk-1.0-0.dll   (2.9.4.0)
     Compressing: D:\Dev\ASCOM.DSLR\pktriggercord\iconv.dll
     Compressing: D:\Dev\ASCOM.DSLR\pktriggercord\COPYING
     Compressing: D:\Dev\ASCOM.DSLR\pktriggercord\Changelog
     Compressing: D:\Dev\ASCOM.DSLR\pktriggercord\pentax_settings.json
     Compressing: D:\Dev\ASCOM.DSLR\ASCOM.DSLR.TestAppForm\bin\Debug\ASCOM.DSLR.Test.exe   (6.2.0.0)
     Compressing Setup program executable
     Updating version info
  
  
  Successful compile (7.735 sec). Resulting Setup program filename is:
  D:\Dev\ASCOM.DSLR\DSLR.Camera Setup.exe
